The target system is: Generic -  - wasm
The host system is: Linux - 5.0.0-25-generic - x86_64
Compiling the C compiler identification source file "CMakeCCompilerId.c" succeeded.
Compiler: /usr/local/potato.cdt/bin/potato-cc 
Build flags: ;-O3;
Id flags:  

The output was:
0
/usr/local/potato.cdt/bin/wasm-ld: error: undefined symbol: apply


Compilation of the C compiler identification source "CMakeCCompilerId.c" produced "a.out"

The C compiler identification is Clang, found in "/home/anbox/potato_coin/potato.contracts/build/contracts/CMakeFiles/3.10.2/CompilerIdC/a.out"

Compiling the CXX compiler identification source file "CMakeCXXCompilerId.cpp" succeeded.
Compiler: /usr/local/potato.cdt/bin/potato-cpp 
Build flags: ;-O3;
Id flags:  

The output was:
0
/usr/local/potato.cdt/bin/wasm-ld: error: undefined symbol: apply


Compilation of the CXX compiler identification source "CMakeCXXCompilerId.cpp" produced "a.out"

The CXX compiler identification is Clang, found in "/home/anbox/potato_coin/potato.contracts/build/contracts/CMakeFiles/3.10.2/CompilerIdCXX/a.out"

